2021-06-02 13:03:16.408  INFO 24704 --- [main] R.R.RahulShettySpringProjectApplication  : Starting RahulShettySpringProjectApplication using Java 11.0.4 on PU-VGUPTA with PID 24704 (/Users/vishesh.gupta/Documents/work/RahulShettySpringProject/target/classes started by vishesh.gupta in /Users/vishesh.gupta/Documents/work/RahulShettySpringProject)
2021-06-02 13:03:16.461  INFO 24704 --- [main] R.R.RahulShettySpringProjectApplication  : The following profiles are active: dev
2021-06-02 13:03:17.147  INFO 24704 --- [main] .s.d.r.c.RepositoryConfigurationDelegate : Bootstrapping Spring Data JPA repositories in DEFAULT mode.
2021-06-02 13:03:17.199  INFO 24704 --- [main] .s.d.r.c.RepositoryConfigurationDelegate : Finished Spring Data repository scanning in 44 ms. Found 1 JPA repository interfaces.
2021-06-02 13:03:17.719  INFO 24704 --- [main] o.s.b.w.embedded.tomcat.TomcatWebServer  : Tomcat initialized with port(s): 8080 (http)
2021-06-02 13:03:17.733  INFO 24704 --- [main] o.apache.catalina.core.StandardService   : Starting service [Tomcat]
2021-06-02 13:03:17.733  INFO 24704 --- [main] org.apache.catalina.core.StandardEngine  : Starting Servlet engine: [Apache Tomcat/9.0.46]
2021-06-02 13:03:17.845  INFO 24704 --- [main] o.a.c.c.C.[Tomcat].[localhost].[/]       : Initializing Spring embedded WebApplicationContext
2021-06-02 13:03:17.846  INFO 24704 --- [main] w.s.c.ServletWebServerApplicationContext : Root WebApplicationContext: initialization completed in 1319 ms
2021-06-02 13:03:17.884  INFO 24704 --- [main] com.zaxxer.hikari.HikariDataSource       : HikariPool-1 - Starting...
2021-06-02 13:03:17.995  INFO 24704 --- [main] com.zaxxer.hikari.HikariDataSource       : HikariPool-1 - Start completed.
2021-06-02 13:03:18.001  INFO 24704 --- [main] o.s.b.a.h2.H2ConsoleAutoConfiguration    : H2 console available at '/h2-console'. Database available at 'jdbc:h2:mem:testdb'
2021-06-02 13:03:18.137  INFO 24704 --- [main] o.hibernate.jpa.internal.util.LogHelper  : HHH000204: Processing PersistenceUnitInfo [name: default]
2021-06-02 13:03:18.191  INFO 24704 --- [main] org.hibernate.Version                    : HHH000412: Hibernate ORM core version 5.4.31.Final
2021-06-02 13:03:18.337  INFO 24704 --- [main] o.hibernate.annotations.common.Version   : HCANN000001: Hibernate Commons Annotations {5.1.2.Final}
2021-06-02 13:03:18.454  INFO 24704 --- [main] org.hibernate.dialect.Dialect            : HHH000400: Using dialect: org.hibernate.dialect.MySQL5InnoDBDialect
2021-06-02 13:03:19.017  INFO 24704 --- [main] o.h.e.t.j.p.i.JtaPlatformInitiator       : HHH000490: Using JtaPlatform implementation: [org.hibernate.engine.transaction.jta.platform.internal.NoJtaPlatform]
2021-06-02 13:03:19.031  INFO 24704 --- [main] j.LocalContainerEntityManagerFactoryBean : Initialized JPA EntityManagerFactory for persistence unit 'default'
2021-06-02 13:03:19.457  WARN 24704 --- [main] JpaBaseConfiguration$JpaWebConfiguration : spring.jpa.open-in-view is enabled by default. Therefore, database queries may be performed during view rendering. Explicitly configure spring.jpa.open-in-view to disable this warning
2021-06-02 13:03:19.780  INFO 24704 --- [main] o.s.b.w.embedded.tomcat.TomcatWebServer  : Tomcat started on port(s): 8080 (http) with context path ''
2021-06-02 13:03:19.793  INFO 24704 --- [main] R.R.RahulShettySpringProjectApplication  : Started RahulShettySpringProjectApplication in 3.956 seconds (JVM running for 5.825)
2021-06-02 13:03:19.794  INFO 24704 --- [main] o.s.b.a.ApplicationAvailabilityBean      : Application availability state LivenessState changed to CORRECT
2021-06-02 13:03:19.796  INFO 24704 --- [main] o.s.b.a.ApplicationAvailabilityBean      : Application availability state ReadinessState changed to ACCEPTING_TRAFFIC
2021-06-02 13:05:42.485  INFO 24704 --- [http-nio-8080-exec-10] o.a.c.c.C.[Tomcat].[localhost].[/]       : Initializing Spring DispatcherServlet 'dispatcherServlet'
2021-06-02 13:05:42.486  INFO 24704 --- [http-nio-8080-exec-10] o.s.web.servlet.DispatcherServlet        : Initializing Servlet 'dispatcherServlet'
2021-06-02 13:05:42.487  INFO 24704 --- [http-nio-8080-exec-10] o.s.web.servlet.DispatcherServlet        : Completed initialization in 1 ms
2021-06-02 13:31:12.915  INFO 25229 --- [main] R.RahulShettySpringProject.testsIT       : Starting testsIT using Java 11.0.4 on PU-VGUPTA with PID 25229 (started by vishesh.gupta in /Users/vishesh.gupta/Documents/work/RahulShettySpringProject)
2021-06-02 13:31:12.917  INFO 25229 --- [main] R.RahulShettySpringProject.testsIT       : The following profiles are active: dev
2021-06-02 13:31:13.647  INFO 25229 --- [main] .s.d.r.c.RepositoryConfigurationDelegate : Bootstrapping Spring Data JPA repositories in DEFAULT mode.
2021-06-02 13:31:13.709  INFO 25229 --- [main] .s.d.r.c.RepositoryConfigurationDelegate : Finished Spring Data repository scanning in 54 ms. Found 1 JPA repository interfaces.
2021-06-02 13:31:14.314  INFO 25229 --- [main] o.hibernate.jpa.internal.util.LogHelper  : HHH000204: Processing PersistenceUnitInfo [name: default]
2021-06-02 13:31:14.381  INFO 25229 --- [main] org.hibernate.Version                    : HHH000412: Hibernate ORM core version 5.4.31.Final
2021-06-02 13:31:14.572  INFO 25229 --- [main] o.hibernate.annotations.common.Version   : HCANN000001: Hibernate Commons Annotations {5.1.2.Final}
2021-06-02 13:31:14.758  INFO 25229 --- [main] com.zaxxer.hikari.HikariDataSource       : HikariPool-1 - Starting...
2021-06-02 13:31:14.972  INFO 25229 --- [main] com.zaxxer.hikari.HikariDataSource       : HikariPool-1 - Start completed.
2021-06-02 13:31:14.996  INFO 25229 --- [main] org.hibernate.dialect.Dialect            : HHH000400: Using dialect: org.hibernate.dialect.MySQL5InnoDBDialect
2021-06-02 13:31:15.701  INFO 25229 --- [main] o.h.e.t.j.p.i.JtaPlatformInitiator       : HHH000490: Using JtaPlatform implementation: [org.hibernate.engine.transaction.jta.platform.internal.NoJtaPlatform]
2021-06-02 13:31:15.712  INFO 25229 --- [main] j.LocalContainerEntityManagerFactoryBean : Initialized JPA EntityManagerFactory for persistence unit 'default'
2021-06-02 13:31:16.252  WARN 25229 --- [main] JpaBaseConfiguration$JpaWebConfiguration : spring.jpa.open-in-view is enabled by default. Therefore, database queries may be performed during view rendering. Explicitly configure spring.jpa.open-in-view to disable this warning
2021-06-02 13:31:16.613  INFO 25229 --- [main] o.s.b.a.h2.H2ConsoleAutoConfiguration    : H2 console available at '/h2-console'. Database available at 'jdbc:h2:mem:testdb'
2021-06-02 13:31:16.971  INFO 25229 --- [main] R.RahulShettySpringProject.testsIT       : Started testsIT in 4.411 seconds (JVM running for 6.106)
2021-06-02 13:31:16.972  INFO 25229 --- [main] o.s.b.a.ApplicationAvailabilityBean      : Application availability state LivenessState changed to CORRECT
2021-06-02 13:31:16.974  INFO 25229 --- [main] o.s.b.a.ApplicationAvailabilityBean      : Application availability state ReadinessState changed to ACCEPTING_TRAFFIC
2021-06-02 13:47:37.263  INFO 25495 --- [main] R.RahulShettySpringProject.testsIT       : Starting testsIT using Java 11.0.4 on PU-VGUPTA with PID 25495 (started by vishesh.gupta in /Users/vishesh.gupta/Documents/work/RahulShettySpringProject)
2021-06-02 13:47:37.265  INFO 25495 --- [main] R.RahulShettySpringProject.testsIT       : The following profiles are active: dev
2021-06-02 13:47:38.221  INFO 25495 --- [main] .s.d.r.c.RepositoryConfigurationDelegate : Bootstrapping Spring Data JPA repositories in DEFAULT mode.
2021-06-02 13:47:38.276  INFO 25495 --- [main] .s.d.r.c.RepositoryConfigurationDelegate : Finished Spring Data repository scanning in 48 ms. Found 1 JPA repository interfaces.
2021-06-02 13:47:38.913  INFO 25495 --- [main] o.hibernate.jpa.internal.util.LogHelper  : HHH000204: Processing PersistenceUnitInfo [name: default]
2021-06-02 13:47:38.975  INFO 25495 --- [main] org.hibernate.Version                    : HHH000412: Hibernate ORM core version 5.4.31.Final
2021-06-02 13:47:39.154  INFO 25495 --- [main] o.hibernate.annotations.common.Version   : HCANN000001: Hibernate Commons Annotations {5.1.2.Final}
2021-06-02 13:47:39.275  INFO 25495 --- [main] com.zaxxer.hikari.HikariDataSource       : HikariPool-1 - Starting...
2021-06-02 13:47:39.477  INFO 25495 --- [main] com.zaxxer.hikari.HikariDataSource       : HikariPool-1 - Start completed.
2021-06-02 13:47:39.498  INFO 25495 --- [main] org.hibernate.dialect.Dialect            : HHH000400: Using dialect: org.hibernate.dialect.MySQL5InnoDBDialect
2021-06-02 13:47:40.189  INFO 25495 --- [main] o.h.e.t.j.p.i.JtaPlatformInitiator       : HHH000490: Using JtaPlatform implementation: [org.hibernate.engine.transaction.jta.platform.internal.NoJtaPlatform]
2021-06-02 13:47:40.200  INFO 25495 --- [main] j.LocalContainerEntityManagerFactoryBean : Initialized JPA EntityManagerFactory for persistence unit 'default'
2021-06-02 13:47:40.815  WARN 25495 --- [main] JpaBaseConfiguration$JpaWebConfiguration : spring.jpa.open-in-view is enabled by default. Therefore, database queries may be performed during view rendering. Explicitly configure spring.jpa.open-in-view to disable this warning
2021-06-02 13:47:41.162  INFO 25495 --- [main] o.s.b.a.h2.H2ConsoleAutoConfiguration    : H2 console available at '/h2-console'. Database available at 'jdbc:h2:mem:testdb'
2021-06-02 13:47:41.454  INFO 25495 --- [main] R.RahulShettySpringProject.testsIT       : Started testsIT in 4.729 seconds (JVM running for 6.146)
2021-06-02 13:47:41.455  INFO 25495 --- [main] o.s.b.a.ApplicationAvailabilityBean      : Application availability state LivenessState changed to CORRECT
2021-06-02 13:47:41.457  INFO 25495 --- [main] o.s.b.a.ApplicationAvailabilityBean      : Application availability state ReadinessState changed to ACCEPTING_TRAFFIC
2021-06-02 16:27:30.040  WARN 24704 --- [HikariPool-1 housekeeper] com.zaxxer.hikari.pool.HikariPool        : HikariPool-1 - Thread starvation or clock leap detected (housekeeper delta=24m10s627ms).
2021-06-02 17:08:12.455  WARN 24704 --- [HikariPool-1 housekeeper] com.zaxxer.hikari.pool.HikariPool        : HikariPool-1 - Thread starvation or clock leap detected (housekeeper delta=8m11s993ms).
2021-06-02 17:11:51.150  INFO 28665 --- [main] R.RahulShettySpringProject.testsIT       : Starting testsIT using Java 11.0.4 on PU-VGUPTA with PID 28665 (started by vishesh.gupta in /Users/vishesh.gupta/Documents/work/RahulShettySpringProject)
2021-06-02 17:11:51.151  INFO 28665 --- [main] R.RahulShettySpringProject.testsIT       : The following profiles are active: dev
2021-06-02 17:11:52.106  INFO 28665 --- [main] .s.d.r.c.RepositoryConfigurationDelegate : Bootstrapping Spring Data JPA repositories in DEFAULT mode.
2021-06-02 17:11:52.178  INFO 28665 --- [main] .s.d.r.c.RepositoryConfigurationDelegate : Finished Spring Data repository scanning in 65 ms. Found 1 JPA repository interfaces.
2021-06-02 17:11:52.807  INFO 28665 --- [main] o.hibernate.jpa.internal.util.LogHelper  : HHH000204: Processing PersistenceUnitInfo [name: default]
2021-06-02 17:11:52.871  INFO 28665 --- [main] org.hibernate.Version                    : HHH000412: Hibernate ORM core version 5.4.31.Final
2021-06-02 17:11:53.036  INFO 28665 --- [main] o.hibernate.annotations.common.Version   : HCANN000001: Hibernate Commons Annotations {5.1.2.Final}
2021-06-02 17:11:53.156  INFO 28665 --- [main] com.zaxxer.hikari.HikariDataSource       : HikariPool-1 - Starting...
2021-06-02 17:11:53.353  INFO 28665 --- [main] com.zaxxer.hikari.HikariDataSource       : HikariPool-1 - Start completed.
2021-06-02 17:11:53.373  INFO 28665 --- [main] org.hibernate.dialect.Dialect            : HHH000400: Using dialect: org.hibernate.dialect.MySQL5InnoDBDialect
2021-06-02 17:11:54.023  INFO 28665 --- [main] o.h.e.t.j.p.i.JtaPlatformInitiator       : HHH000490: Using JtaPlatform implementation: [org.hibernate.engine.transaction.jta.platform.internal.NoJtaPlatform]
2021-06-02 17:11:54.032  INFO 28665 --- [main] j.LocalContainerEntityManagerFactoryBean : Initialized JPA EntityManagerFactory for persistence unit 'default'
2021-06-02 17:11:54.622  WARN 28665 --- [main] JpaBaseConfiguration$JpaWebConfiguration : spring.jpa.open-in-view is enabled by default. Therefore, database queries may be performed during view rendering. Explicitly configure spring.jpa.open-in-view to disable this warning
2021-06-02 17:11:54.925  INFO 28665 --- [main] o.s.b.a.h2.H2ConsoleAutoConfiguration    : H2 console available at '/h2-console'. Database available at 'jdbc:h2:mem:testdb'
2021-06-02 17:11:55.239  INFO 28665 --- [main] R.RahulShettySpringProject.testsIT       : Started testsIT in 4.504 seconds (JVM running for 6.39)
2021-06-02 17:11:55.241  INFO 28665 --- [main] o.s.b.a.ApplicationAvailabilityBean      : Application availability state LivenessState changed to CORRECT
2021-06-02 17:11:55.242  INFO 28665 --- [main] o.s.b.a.ApplicationAvailabilityBean      : Application availability state ReadinessState changed to ACCEPTING_TRAFFIC
2021-06-02 17:11:57.084  INFO 24704 --- [http-nio-8080-exec-6] R.R.Controller.LibraryController         : Book does not exist hence creating one
2021-06-02 17:12:23.335  INFO 28669 --- [main] R.RahulShettySpringProject.testsIT       : Starting testsIT using Java 11.0.4 on PU-VGUPTA with PID 28669 (started by vishesh.gupta in /Users/vishesh.gupta/Documents/work/RahulShettySpringProject)
2021-06-02 17:12:23.337  INFO 28669 --- [main] R.RahulShettySpringProject.testsIT       : The following profiles are active: dev
2021-06-02 17:12:24.306  INFO 28669 --- [main] .s.d.r.c.RepositoryConfigurationDelegate : Bootstrapping Spring Data JPA repositories in DEFAULT mode.
2021-06-02 17:12:24.358  INFO 28669 --- [main] .s.d.r.c.RepositoryConfigurationDelegate : Finished Spring Data repository scanning in 45 ms. Found 1 JPA repository interfaces.
2021-06-02 17:12:24.950  INFO 28669 --- [main] o.hibernate.jpa.internal.util.LogHelper  : HHH000204: Processing PersistenceUnitInfo [name: default]
2021-06-02 17:12:25.005  INFO 28669 --- [main] org.hibernate.Version                    : HHH000412: Hibernate ORM core version 5.4.31.Final
2021-06-02 17:12:25.173  INFO 28669 --- [main] o.hibernate.annotations.common.Version   : HCANN000001: Hibernate Commons Annotations {5.1.2.Final}
2021-06-02 17:12:25.290  INFO 28669 --- [main] com.zaxxer.hikari.HikariDataSource       : HikariPool-1 - Starting...
2021-06-02 17:12:25.487  INFO 28669 --- [main] com.zaxxer.hikari.HikariDataSource       : HikariPool-1 - Start completed.
2021-06-02 17:12:25.509  INFO 28669 --- [main] org.hibernate.dialect.Dialect            : HHH000400: Using dialect: org.hibernate.dialect.MySQL5InnoDBDialect
2021-06-02 17:12:26.119  INFO 28669 --- [main] o.h.e.t.j.p.i.JtaPlatformInitiator       : HHH000490: Using JtaPlatform implementation: [org.hibernate.engine.transaction.jta.platform.internal.NoJtaPlatform]
2021-06-02 17:12:26.127  INFO 28669 --- [main] j.LocalContainerEntityManagerFactoryBean : Initialized JPA EntityManagerFactory for persistence unit 'default'
2021-06-02 17:12:26.733  WARN 28669 --- [main] JpaBaseConfiguration$JpaWebConfiguration : spring.jpa.open-in-view is enabled by default. Therefore, database queries may be performed during view rendering. Explicitly configure spring.jpa.open-in-view to disable this warning
2021-06-02 17:12:27.046  INFO 28669 --- [main] o.s.b.a.h2.H2ConsoleAutoConfiguration    : H2 console available at '/h2-console'. Database available at 'jdbc:h2:mem:testdb'
2021-06-02 17:12:27.390  INFO 28669 --- [main] R.RahulShettySpringProject.testsIT       : Started testsIT in 4.45 seconds (JVM running for 6.201)
2021-06-02 17:12:27.391  INFO 28669 --- [main] o.s.b.a.ApplicationAvailabilityBean      : Application availability state LivenessState changed to CORRECT
2021-06-02 17:12:27.393  INFO 28669 --- [main] o.s.b.a.ApplicationAvailabilityBean      : Application availability state ReadinessState changed to ACCEPTING_TRAFFIC
2021-06-02 17:14:11.015  INFO 28683 --- [main] R.RahulShettySpringProject.testsIT       : Starting testsIT using Java 11.0.4 on PU-VGUPTA with PID 28683 (started by vishesh.gupta in /Users/vishesh.gupta/Documents/work/RahulShettySpringProject)
2021-06-02 17:14:11.017  INFO 28683 --- [main] R.RahulShettySpringProject.testsIT       : The following profiles are active: dev
2021-06-02 17:14:12.010  INFO 28683 --- [main] .s.d.r.c.RepositoryConfigurationDelegate : Bootstrapping Spring Data JPA repositories in DEFAULT mode.
2021-06-02 17:14:12.062  INFO 28683 --- [main] .s.d.r.c.RepositoryConfigurationDelegate : Finished Spring Data repository scanning in 45 ms. Found 1 JPA repository interfaces.
2021-06-02 17:14:12.613  INFO 28683 --- [main] o.hibernate.jpa.internal.util.LogHelper  : HHH000204: Processing PersistenceUnitInfo [name: default]
2021-06-02 17:14:12.664  INFO 28683 --- [main] org.hibernate.Version                    : HHH000412: Hibernate ORM core version 5.4.31.Final
2021-06-02 17:14:12.828  INFO 28683 --- [main] o.hibernate.annotations.common.Version   : HCANN000001: Hibernate Commons Annotations {5.1.2.Final}
2021-06-02 17:14:12.944  INFO 28683 --- [main] com.zaxxer.hikari.HikariDataSource       : HikariPool-1 - Starting...
2021-06-02 17:14:13.135  INFO 28683 --- [main] com.zaxxer.hikari.HikariDataSource       : HikariPool-1 - Start completed.
2021-06-02 17:14:13.153  INFO 28683 --- [main] org.hibernate.dialect.Dialect            : HHH000400: Using dialect: org.hibernate.dialect.MySQL5InnoDBDialect
2021-06-02 17:14:13.781  INFO 28683 --- [main] o.h.e.t.j.p.i.JtaPlatformInitiator       : HHH000490: Using JtaPlatform implementation: [org.hibernate.engine.transaction.jta.platform.internal.NoJtaPlatform]
2021-06-02 17:14:13.793  INFO 28683 --- [main] j.LocalContainerEntityManagerFactoryBean : Initialized JPA EntityManagerFactory for persistence unit 'default'
2021-06-02 17:14:14.359  WARN 28683 --- [main] JpaBaseConfiguration$JpaWebConfiguration : spring.jpa.open-in-view is enabled by default. Therefore, database queries may be performed during view rendering. Explicitly configure spring.jpa.open-in-view to disable this warning
2021-06-02 17:14:14.652  INFO 28683 --- [main] o.s.b.a.h2.H2ConsoleAutoConfiguration    : H2 console available at '/h2-console'. Database available at 'jdbc:h2:mem:testdb'
2021-06-02 17:14:14.968  INFO 28683 --- [main] R.RahulShettySpringProject.testsIT       : Started testsIT in 4.354 seconds (JVM running for 5.592)
2021-06-02 17:14:14.969  INFO 28683 --- [main] o.s.b.a.ApplicationAvailabilityBean      : Application availability state LivenessState changed to CORRECT
2021-06-02 17:14:14.971  INFO 28683 --- [main] o.s.b.a.ApplicationAvailabilityBean      : Application availability state ReadinessState changed to ACCEPTING_TRAFFIC
2021-06-02 17:15:42.039  INFO 28781 --- [main] R.RahulShettySpringProject.testsIT       : Starting testsIT using Java 11.0.4 on PU-VGUPTA with PID 28781 (started by vishesh.gupta in /Users/vishesh.gupta/Documents/work/RahulShettySpringProject)
2021-06-02 17:15:42.040  INFO 28781 --- [main] R.RahulShettySpringProject.testsIT       : The following profiles are active: dev
2021-06-02 17:15:42.773  INFO 28781 --- [main] .s.d.r.c.RepositoryConfigurationDelegate : Bootstrapping Spring Data JPA repositories in DEFAULT mode.
2021-06-02 17:15:42.825  INFO 28781 --- [main] .s.d.r.c.RepositoryConfigurationDelegate : Finished Spring Data repository scanning in 45 ms. Found 1 JPA repository interfaces.
2021-06-02 17:15:43.359  INFO 28781 --- [main] o.hibernate.jpa.internal.util.LogHelper  : HHH000204: Processing PersistenceUnitInfo [name: default]
2021-06-02 17:15:43.414  INFO 28781 --- [main] org.hibernate.Version                    : HHH000412: Hibernate ORM core version 5.4.31.Final
2021-06-02 17:15:43.574  INFO 28781 --- [main] o.hibernate.annotations.common.Version   : HCANN000001: Hibernate Commons Annotations {5.1.2.Final}
2021-06-02 17:15:43.693  INFO 28781 --- [main] com.zaxxer.hikari.HikariDataSource       : HikariPool-1 - Starting...
2021-06-02 17:15:43.904  INFO 28781 --- [main] com.zaxxer.hikari.HikariDataSource       : HikariPool-1 - Start completed.
2021-06-02 17:15:43.924  INFO 28781 --- [main] org.hibernate.dialect.Dialect            : HHH000400: Using dialect: org.hibernate.dialect.MySQL5InnoDBDialect
2021-06-02 17:15:44.496  INFO 28781 --- [main] o.h.e.t.j.p.i.JtaPlatformInitiator       : HHH000490: Using JtaPlatform implementation: [org.hibernate.engine.transaction.jta.platform.internal.NoJtaPlatform]
2021-06-02 17:15:44.505  INFO 28781 --- [main] j.LocalContainerEntityManagerFactoryBean : Initialized JPA EntityManagerFactory for persistence unit 'default'
2021-06-02 17:15:45.048  WARN 28781 --- [main] JpaBaseConfiguration$JpaWebConfiguration : spring.jpa.open-in-view is enabled by default. Therefore, database queries may be performed during view rendering. Explicitly configure spring.jpa.open-in-view to disable this warning
2021-06-02 17:15:45.364  INFO 28781 --- [main] o.s.b.a.h2.H2ConsoleAutoConfiguration    : H2 console available at '/h2-console'. Database available at 'jdbc:h2:mem:testdb'
2021-06-02 17:15:45.641  INFO 28781 --- [main] R.RahulShettySpringProject.testsIT       : Started testsIT in 3.973 seconds (JVM running for 5.363)
2021-06-02 17:15:45.642  INFO 28781 --- [main] o.s.b.a.ApplicationAvailabilityBean      : Application availability state LivenessState changed to CORRECT
2021-06-02 17:15:45.644  INFO 28781 --- [main] o.s.b.a.ApplicationAvailabilityBean      : Application availability state ReadinessState changed to ACCEPTING_TRAFFIC
2021-06-02 17:15:45.907  INFO 24704 --- [http-nio-8080-exec-2] R.R.Controller.LibraryController         : Book does not exist hence creating one
2021-06-02 17:21:53.589  INFO 28891 --- [main] R.RahulShettySpringProject.testsIT       : Starting testsIT using Java 11.0.4 on PU-VGUPTA with PID 28891 (started by vishesh.gupta in /Users/vishesh.gupta/Documents/work/RahulShettySpringProject)
2021-06-02 17:21:53.591  INFO 28891 --- [main] R.RahulShettySpringProject.testsIT       : The following profiles are active: dev
2021-06-02 17:21:54.596  INFO 28891 --- [main] .s.d.r.c.RepositoryConfigurationDelegate : Bootstrapping Spring Data JPA repositories in DEFAULT mode.
2021-06-02 17:21:54.656  INFO 28891 --- [main] .s.d.r.c.RepositoryConfigurationDelegate : Finished Spring Data repository scanning in 52 ms. Found 1 JPA repository interfaces.
2021-06-02 17:21:55.399  INFO 28891 --- [main] o.hibernate.jpa.internal.util.LogHelper  : HHH000204: Processing PersistenceUnitInfo [name: default]
2021-06-02 17:21:55.461  INFO 28891 --- [main] org.hibernate.Version                    : HHH000412: Hibernate ORM core version 5.4.31.Final
2021-06-02 17:21:55.656  INFO 28891 --- [main] o.hibernate.annotations.common.Version   : HCANN000001: Hibernate Commons Annotations {5.1.2.Final}
2021-06-02 17:21:55.783  INFO 28891 --- [main] com.zaxxer.hikari.HikariDataSource       : HikariPool-1 - Starting...
2021-06-02 17:21:56.018  INFO 28891 --- [main] com.zaxxer.hikari.HikariDataSource       : HikariPool-1 - Start completed.
2021-06-02 17:21:56.037  INFO 28891 --- [main] org.hibernate.dialect.Dialect            : HHH000400: Using dialect: org.hibernate.dialect.MySQL5InnoDBDialect
2021-06-02 17:21:56.673  INFO 28891 --- [main] o.h.e.t.j.p.i.JtaPlatformInitiator       : HHH000490: Using JtaPlatform implementation: [org.hibernate.engine.transaction.jta.platform.internal.NoJtaPlatform]
2021-06-02 17:21:56.686  INFO 28891 --- [main] j.LocalContainerEntityManagerFactoryBean : Initialized JPA EntityManagerFactory for persistence unit 'default'
2021-06-02 17:21:57.286  WARN 28891 --- [main] JpaBaseConfiguration$JpaWebConfiguration : spring.jpa.open-in-view is enabled by default. Therefore, database queries may be performed during view rendering. Explicitly configure spring.jpa.open-in-view to disable this warning
2021-06-02 17:21:57.587  INFO 28891 --- [main] o.s.b.a.h2.H2ConsoleAutoConfiguration    : H2 console available at '/h2-console'. Database available at 'jdbc:h2:mem:testdb'
2021-06-02 17:21:57.885  INFO 28891 --- [main] R.RahulShettySpringProject.testsIT       : Started testsIT in 4.673 seconds (JVM running for 5.938)
2021-06-02 17:21:57.886  INFO 28891 --- [main] o.s.b.a.ApplicationAvailabilityBean      : Application availability state LivenessState changed to CORRECT
2021-06-02 17:21:57.888  INFO 28891 --- [main] o.s.b.a.ApplicationAvailabilityBean      : Application availability state ReadinessState changed to ACCEPTING_TRAFFIC
2021-06-02 17:21:58.183  INFO 24704 --- [http-nio-8080-exec-2] R.R.Controller.LibraryController         : Book does not exist hence creating one
2021-06-02 17:22:48.505  INFO 28893 --- [main] R.RahulShettySpringProject.testsIT       : Starting testsIT using Java 11.0.4 on PU-VGUPTA with PID 28893 (started by vishesh.gupta in /Users/vishesh.gupta/Documents/work/RahulShettySpringProject)
2021-06-02 17:22:48.506  INFO 28893 --- [main] R.RahulShettySpringProject.testsIT       : The following profiles are active: dev
2021-06-02 17:22:49.179  INFO 28893 --- [main] .s.d.r.c.RepositoryConfigurationDelegate : Bootstrapping Spring Data JPA repositories in DEFAULT mode.
2021-06-02 17:22:49.229  INFO 28893 --- [main] .s.d.r.c.RepositoryConfigurationDelegate : Finished Spring Data repository scanning in 43 ms. Found 1 JPA repository interfaces.
2021-06-02 17:22:49.742  INFO 28893 --- [main] o.hibernate.jpa.internal.util.LogHelper  : HHH000204: Processing PersistenceUnitInfo [name: default]
2021-06-02 17:22:49.792  INFO 28893 --- [main] org.hibernate.Version                    : HHH000412: Hibernate ORM core version 5.4.31.Final
2021-06-02 17:22:49.934  INFO 28893 --- [main] o.hibernate.annotations.common.Version   : HCANN000001: Hibernate Commons Annotations {5.1.2.Final}
2021-06-02 17:22:50.049  INFO 28893 --- [main] com.zaxxer.hikari.HikariDataSource       : HikariPool-1 - Starting...
2021-06-02 17:22:50.239  INFO 28893 --- [main] com.zaxxer.hikari.HikariDataSource       : HikariPool-1 - Start completed.
2021-06-02 17:22:50.260  INFO 28893 --- [main] org.hibernate.dialect.Dialect            : HHH000400: Using dialect: org.hibernate.dialect.MySQL5InnoDBDialect
2021-06-02 17:22:50.841  INFO 28893 --- [main] o.h.e.t.j.p.i.JtaPlatformInitiator       : HHH000490: Using JtaPlatform implementation: [org.hibernate.engine.transaction.jta.platform.internal.NoJtaPlatform]
2021-06-02 17:22:50.850  INFO 28893 --- [main] j.LocalContainerEntityManagerFactoryBean : Initialized JPA EntityManagerFactory for persistence unit 'default'
2021-06-02 17:22:51.385  WARN 28893 --- [main] JpaBaseConfiguration$JpaWebConfiguration : spring.jpa.open-in-view is enabled by default. Therefore, database queries may be performed during view rendering. Explicitly configure spring.jpa.open-in-view to disable this warning
2021-06-02 17:22:51.656  INFO 28893 --- [main] o.s.b.a.h2.H2ConsoleAutoConfiguration    : H2 console available at '/h2-console'. Database available at 'jdbc:h2:mem:testdb'
2021-06-02 17:22:51.915  INFO 28893 --- [main] R.RahulShettySpringProject.testsIT       : Started testsIT in 3.847 seconds (JVM running for 5.277)
2021-06-02 17:22:51.916  INFO 28893 --- [main] o.s.b.a.ApplicationAvailabilityBean      : Application availability state LivenessState changed to CORRECT
2021-06-02 17:22:51.918  INFO 28893 --- [main] o.s.b.a.ApplicationAvailabilityBean      : Application availability state ReadinessState changed to ACCEPTING_TRAFFIC
2021-06-02 17:22:52.127  INFO 24704 --- [http-nio-8080-exec-7] R.R.Controller.LibraryController         : Book does not exist hence creating one
